C:\Program Files (x86)\Microsoft Visual Studio\2017\Community\Common7\IDE\VC\VCTargets\Microsoft.CppBuild.targets(387,5): warning MSB8028: The intermediate directory (x64\Debug\) contains files shared from another project (lab08.vcxproj).  This can lead to incorrect clean and rebuild behavior.
  main.cpp
c:\users\nickdesktop\documents\cal poly slo\fall 2017\cpe 471\final-project-proposal-nickjspencer-master\src\main.cpp(290): warning C4305: '=': truncation from 'double' to 'float'
c:\users\nickdesktop\documents\cal poly slo\fall 2017\cpe 471\final-project-proposal-nickjspencer-master\src\main.cpp(345): warning C4244: '=': conversion from 'double' to 'float', possible loss of data
c:\users\nickdesktop\documents\cal poly slo\fall 2017\cpe 471\final-project-proposal-nickjspencer-master\src\main.cpp(352): warning C4244: 'argument': conversion from 'double' to 'float', possible loss of data
c:\users\nickdesktop\documents\cal poly slo\fall 2017\cpe 471\final-project-proposal-nickjspencer-master\src\main.cpp(363): warning C4244: 'argument': conversion from 'double' to 'float', possible loss of data
c:\users\nickdesktop\documents\cal poly slo\fall 2017\cpe 471\final-project-proposal-nickjspencer-master\src\main.cpp(364): warning C4244: 'argument': conversion from 'double' to 'float', possible loss of data
c:\users\nickdesktop\documents\cal poly slo\fall 2017\cpe 471\final-project-proposal-nickjspencer-master\src\main.cpp(579): warning C4244: 'argument': conversion from 'double' to 'float', possible loss of data
c:\users\nickdesktop\documents\cal poly slo\fall 2017\cpe 471\final-project-proposal-nickjspencer-master\src\main.cpp(583): warning C4244: 'initializing': conversion from 'double' to 'float', possible loss of data
c:\users\nickdesktop\documents\cal poly slo\fall 2017\cpe 471\final-project-proposal-nickjspencer-master\src\main.cpp(584): warning C4244: 'initializing': conversion from 'double' to 'float', possible loss of data
c:\users\nickdesktop\documents\cal poly slo\fall 2017\cpe 471\final-project-proposal-nickjspencer-master\src\main.cpp(661): warning C4244: '=': conversion from 'double' to 'float', possible loss of data
c:\users\nickdesktop\documents\cal poly slo\fall 2017\cpe 471\final-project-proposal-nickjspencer-master\src\main.cpp(689): warning C4305: '=': truncation from 'double' to 'float'
c:\users\nickdesktop\documents\cal poly slo\fall 2017\cpe 471\final-project-proposal-nickjspencer-master\src\main.cpp(691): warning C4305: '=': truncation from 'double' to 'float'
c:\users\nickdesktop\documents\cal poly slo\fall 2017\cpe 471\final-project-proposal-nickjspencer-master\src\main.cpp(700): warning C4244: '-=': conversion from 'double' to 'float', possible loss of data
c:\users\nickdesktop\documents\cal poly slo\fall 2017\cpe 471\final-project-proposal-nickjspencer-master\src\main.cpp(711): warning C4244: '+=': conversion from 'double' to 'float', possible loss of data
c:\users\nickdesktop\documents\cal poly slo\fall 2017\cpe 471\final-project-proposal-nickjspencer-master\src\main.cpp(722): warning C4244: '-=': conversion from 'double' to 'float', possible loss of data
c:\users\nickdesktop\documents\cal poly slo\fall 2017\cpe 471\final-project-proposal-nickjspencer-master\src\main.cpp(733): warning C4244: '+=': conversion from 'double' to 'float', possible loss of data
c:\users\nickdesktop\documents\cal poly slo\fall 2017\cpe 471\final-project-proposal-nickjspencer-master\src\main.cpp(764): warning C4244: 'argument': conversion from 'double' to 'float', possible loss of data
c:\users\nickdesktop\documents\cal poly slo\fall 2017\cpe 471\final-project-proposal-nickjspencer-master\src\main.cpp(881): warning C4305: 'argument': truncation from 'double' to 'GLfloat'
c:\users\nickdesktop\documents\cal poly slo\fall 2017\cpe 471\final-project-proposal-nickjspencer-master\src\main.cpp(887): warning C4305: 'argument': truncation from 'double' to 'GLfloat'
c:\users\nickdesktop\documents\cal poly slo\fall 2017\cpe 471\final-project-proposal-nickjspencer-master\src\main.cpp(893): warning C4305: 'argument': truncation from 'double' to 'GLfloat'
c:\users\nickdesktop\documents\cal poly slo\fall 2017\cpe 471\final-project-proposal-nickjspencer-master\src\main.cpp(894): warning C4305: 'argument': truncation from 'double' to 'GLfloat'
c:\users\nickdesktop\documents\cal poly slo\fall 2017\cpe 471\final-project-proposal-nickjspencer-master\src\main.cpp(899): warning C4305: 'argument': truncation from 'double' to 'GLfloat'
c:\users\nickdesktop\documents\cal poly slo\fall 2017\cpe 471\final-project-proposal-nickjspencer-master\src\main.cpp(900): warning C4305: 'argument': truncation from 'double' to 'GLfloat'
c:\users\nickdesktop\documents\cal poly slo\fall 2017\cpe 471\final-project-proposal-nickjspencer-master\src\main.cpp(903): warning C4305: 'argument': truncation from 'double' to 'GLfloat'
c:\users\nickdesktop\documents\cal poly slo\fall 2017\cpe 471\final-project-proposal-nickjspencer-master\src\main.cpp(904): warning C4305: 'argument': truncation from 'double' to 'GLfloat'
c:\users\nickdesktop\documents\cal poly slo\fall 2017\cpe 471\final-project-proposal-nickjspencer-master\src\main.cpp(905): warning C4305: 'argument': truncation from 'double' to 'GLfloat'
c:\users\nickdesktop\documents\cal poly slo\fall 2017\cpe 471\final-project-proposal-nickjspencer-master\src\main.cpp(909): warning C4305: 'argument': truncation from 'double' to 'GLfloat'
c:\users\nickdesktop\documents\cal poly slo\fall 2017\cpe 471\final-project-proposal-nickjspencer-master\src\main.cpp(910): warning C4305: 'argument': truncation from 'double' to 'GLfloat'
c:\users\nickdesktop\documents\cal poly slo\fall 2017\cpe 471\final-project-proposal-nickjspencer-master\src\main.cpp(911): warning C4305: 'argument': truncation from 'double' to 'GLfloat'
c:\users\nickdesktop\documents\cal poly slo\fall 2017\cpe 471\final-project-proposal-nickjspencer-master\src\main.cpp(915): warning C4305: 'argument': truncation from 'double' to 'GLfloat'
c:\users\nickdesktop\documents\cal poly slo\fall 2017\cpe 471\final-project-proposal-nickjspencer-master\src\main.cpp(916): warning C4305: 'argument': truncation from 'double' to 'GLfloat'
c:\users\nickdesktop\documents\cal poly slo\fall 2017\cpe 471\final-project-proposal-nickjspencer-master\src\main.cpp(917): warning C4305: 'argument': truncation from 'double' to 'GLfloat'
  lab08.vcxproj -> C:\Users\NickDesktop\Documents\Cal Poly SLO\Fall 2017\CPE 471\final-project-proposal-NickJSpencer-master\x64\Debug\Program4.exe
  lab08.vcxproj -> C:\Users\NickDesktop\Documents\Cal Poly SLO\Fall 2017\CPE 471\final-project-proposal-NickJSpencer-master\x64\Debug\Program4.pdb (Partial PDB)
